d:\0_c++_project_course\finalproject\final_project\x64\debug\vc143.pdb
d:\0_c++_project_course\finalproject\final_project\x64\debug\vc143.idb
d:\0_c++_project_course\finalproject\final_project\x64\debug\main.obj
d:\0_c++_project_course\finalproject\final_project\x64\debug\sfml-graphics-d-2.dll
d:\0_c++_project_course\finalproject\final_project\x64\debug\sfml-window-d-2.dll
d:\0_c++_project_course\finalproject\final_project\x64\debug\sfml-system-d-2.dll
d:\0_c++_project_course\finalproject\final_project\x64\debug\freetyped.dll
d:\0_c++_project_course\finalproject\final_project\x64\debug\zlibd1.dll
d:\0_c++_project_course\finalproject\final_project\x64\debug\bz2d.dll
d:\0_c++_project_course\finalproject\final_project\x64\debug\libpng16d.dll
d:\0_c++_project_course\finalproject\final_project\x64\debug\brotlidec.dll
d:\0_c++_project_course\finalproject\final_project\x64\debug\brotlicommon.dll
d:\0_c++_project_course\finalproject\final_project\x64\debug\final_project.exe
d:\0_c++_project_course\finalproject\final_project\x64\debug\final_project.ilk
d:\0_c++_project_course\finalproject\final_project\x64\debug\final_project.pdb
d:\0_c++_project_course\finalproject\final_project\x64\debug\final_project.tlog\cl.command.1.tlog
d:\0_c++_project_course\finalproject\final_project\x64\debug\final_project.tlog\cl.items.tlog
d:\0_c++_project_course\finalproject\final_project\x64\debug\final_project.tlog\cl.read.1.tlog
d:\0_c++_project_course\finalproject\final_project\x64\debug\final_project.tlog\cl.write.1.tlog
d:\0_c++_project_course\finalproject\final_project\x64\debug\final_project.tlog\final_project.write.1u.tlog
d:\0_c++_project_course\finalproject\final_project\x64\debug\final_project.tlog\link.command.1.tlog
d:\0_c++_project_course\finalproject\final_project\x64\debug\final_project.tlog\link.read.1.tlog
d:\0_c++_project_course\finalproject\final_project\x64\debug\final_project.tlog\link.write.1.tlog
